<?xml version="1.0" encoding="UTF-8"?>
<!-- Generated by org.testng.reporters.JUnitReportReporter -->
<testsuite hostname="Alla" failures="0" tests="4" name="test.com.itexps.GradeTest" time="0.009" errors="0" timestamp="14 May 2023 23:17:06 GMT">
  <testcase classname="test.com.itexps.GradeTest" name="testTotal" time="0.005"/>
  <testcase classname="test.com.itexps.GradeTest" name="testGrade" time="0.001"/>
  <testcase classname="test.com.itexps.GradeTest" name="testEnglish" time="0.003"/>
  <testcase classname="test.com.itexps.GradeTest" name="testMath" time="0.000"/>
</testsuite> <!-- test.com.itexps.GradeTest -->
